<!DOCTYPE HTML PUBLIC "-//W3C//DTD HTML 4.01 Transitional//EN" "http://www.w3.org/TR/html4/loose.dtd">
<html>
<head>
<title>Application.log</title>
<style type="text/css">
<!--
body, table {font-family: arial,sans-serif; font-size: x-small;}
th {background: #336699; color: #FFFFFF; text-align: left;}
-->
</style>
</head>
<body bgcolor="#FFFFFF" topmargin="6" leftmargin="6">
<hr size="1" noshade>
Log session start time Sat Mar 18 19:04:56 EDT 2023<br>
<br>
<table cellspacing="0" cellpadding="4" border="1" bordercolor="#224466" width="100%">
<tr>
<th>Time</th>
<th>Thread</th>
<th>Level</th>
<th>Category</th>
<th>File:Line</th>
<th>Message</th>
</tr>

<tr>
<td>0</td>
<td title="main thread">main</td>
<td title="Level">INFO</td>
<td title="nopcommerce category">nopcommerce</td>
<td>Steps.java:28</td>
<td title="Message">----Launch browser----</td>
</tr>

<tr>
<td>1415</td>
<td title="main thread">main</td>
<td title="Level">INFO</td>
<td title="nopcommerce category">nopcommerce</td>
<td>Steps.java:35</td>
<td title="Message">----Launch URL----</td>
</tr>

<tr>
<td>2237</td>
<td title="main thread">main</td>
<td title="Level">INFO</td>
<td title="nopcommerce category">nopcommerce</td>
<td>Steps.java:43</td>
<td title="Message">----Providing login credentialsr----</td>
</tr>

<tr>
<td>2438</td>
<td title="main thread">main</td>
<td title="Level">INFO</td>
<td title="nopcommerce category">nopcommerce</td>
<td>Steps.java:50</td>
<td title="Message">----Start login----</td>
</tr>

<tr>
<td>14513</td>
<td title="main thread">main</td>
<td title="Level">INFO</td>
<td title="nopcommerce category">nopcommerce</td>
<td>Steps.java:142</td>
<td title="Message">----Add  Customer----</td>
</tr>

<tr>
<td>14513</td>
<td title="main thread">main</td>
<td title="Level">INFO</td>
<td title="nopcommerce category">nopcommerce</td>
<td>Steps.java:143</td>
<td title="Message">----Add  Customer details----</td>
</tr>

<tr>
<td>21160</td>
<td title="main thread">main</td>
<td title="Level">INFO</td>
<td title="nopcommerce category">nopcommerce</td>
<td>Steps.java:165</td>
<td title="Message">---- Customer added successfully----</td>
</tr>
</table>
<br>
</body></html><!DOCTYPE HTML PUBLIC "-//W3C//DTD HTML 4.01 Transitional//EN" "http://www.w3.org/TR/html4/loose.dtd">
<html>
<head>
<title>Application.log</title>
<style type="text/css">
<!--
body, table {font-family: arial,sans-serif; font-size: x-small;}
th {background: #336699; color: #FFFFFF; text-align: left;}
-->
</style>
</head>
<body bgcolor="#FFFFFF" topmargin="6" leftmargin="6">
<hr size="1" noshade>
Log session start time Sat Mar 18 19:05:21 EDT 2023<br>
<br>
<table cellspacing="0" cellpadding="4" border="1" bordercolor="#224466" width="100%">
<tr>
<th>Time</th>
<th>Thread</th>
<th>Level</th>
<th>Category</th>
<th>File:Line</th>
<th>Message</th>
</tr>

<tr>
<td>25099</td>
<td title="main thread">main</td>
<td title="Level">INFO</td>
<td title="nopcommerce category">nopcommerce</td>
<td>Steps.java:28</td>
<td title="Message">----Launch browser----</td>
</tr>

<tr>
<td>25746</td>
<td title="main thread">main</td>
<td title="Level">INFO</td>
<td title="nopcommerce category">nopcommerce</td>
<td>Steps.java:35</td>
<td title="Message">----Launch URL----</td>
</tr>

<tr>
<td>26539</td>
<td title="main thread">main</td>
<td title="Level">INFO</td>
<td title="nopcommerce category">nopcommerce</td>
<td>Steps.java:43</td>
<td title="Message">----Providing login credentialsr----</td>
</tr>

<tr>
<td>26738</td>
<td title="main thread">main</td>
<td title="Level">INFO</td>
<td title="nopcommerce category">nopcommerce</td>
<td>Steps.java:50</td>
<td title="Message">----Start login----</td>
</tr>
</table>
<br>
</body></html><!DOCTYPE HTML PUBLIC "-//W3C//DTD HTML 4.01 Transitional//EN" "http://www.w3.org/TR/html4/loose.dtd">
<html>
<head>
<title>Application.log</title>
<style type="text/css">
<!--
body, table {font-family: arial,sans-serif; font-size: x-small;}
th {background: #336699; color: #FFFFFF; text-align: left;}
-->
</style>
</head>
<body bgcolor="#FFFFFF" topmargin="6" leftmargin="6">
<hr size="1" noshade>
Log session start time Sat Mar 18 19:05:38 EDT 2023<br>
<br>
<table cellspacing="0" cellpadding="4" border="1" bordercolor="#224466" width="100%">
<tr>
<th>Time</th>
<th>Thread</th>
<th>Level</th>
<th>Category</th>
<th>File:Line</th>
<th>Message</th>
</tr>

<tr>
<td>42120</td>
<td title="main thread">main</td>
<td title="Level">INFO</td>
<td title="nopcommerce category">nopcommerce</td>
<td>Steps.java:28</td>
<td title="Message">----Launch browser----</td>
</tr>

<tr>
<td>42770</td>
<td title="main thread">main</td>
<td title="Level">INFO</td>
<td title="nopcommerce category">nopcommerce</td>
<td>Steps.java:35</td>
<td title="Message">----Launch URL----</td>
</tr>

<tr>
<td>43595</td>
<td title="main thread">main</td>
<td title="Level">INFO</td>
<td title="nopcommerce category">nopcommerce</td>
<td>Steps.java:43</td>
<td title="Message">----Providing login credentialsr----</td>
</tr>

<tr>
<td>43781</td>
<td title="main thread">main</td>
<td title="Level">INFO</td>
<td title="nopcommerce category">nopcommerce</td>
<td>Steps.java:50</td>
<td title="Message">----Start login----</td>
</tr>

<tr>
<td>52187</td>
<td title="main thread">main</td>
<td title="Level">INFO</td>
<td title="nopcommerce category">nopcommerce</td>
<td>Steps.java:204</td>
<td title="Message">----Search  Customer----</td>
</tr>
</table>
<br>
</body></html><!DOCTYPE HTML PUBLIC "-//W3C//DTD HTML 4.01 Transitional//EN" "http://www.w3.org/TR/html4/loose.dtd">
<html>
<head>
<title>Application.log</title>
<style type="text/css">
<!--
body, table {font-family: arial,sans-serif; font-size: x-small;}
th {background: #336699; color: #FFFFFF; text-align: left;}
-->
</style>
</head>
<body bgcolor="#FFFFFF" topmargin="6" leftmargin="6">
<hr size="1" noshade>
Log session start time Sat Mar 18 19:05:55 EDT 2023<br>
<br>
<table cellspacing="0" cellpadding="4" border="1" bordercolor="#224466" width="100%">
<tr>
<th>Time</th>
<th>Thread</th>
<th>Level</th>
<th>Category</th>
<th>File:Line</th>
<th>Message</th>
</tr>

<tr>
<td>59322</td>
<td title="main thread">main</td>
<td title="Level">INFO</td>
<td title="nopcommerce category">nopcommerce</td>
<td>Steps.java:28</td>
<td title="Message">----Launch browser----</td>
</tr>

<tr>
<td>59967</td>
<td title="main thread">main</td>
<td title="Level">INFO</td>
<td title="nopcommerce category">nopcommerce</td>
<td>Steps.java:35</td>
<td title="Message">----Launch URL----</td>
</tr>

<tr>
<td>60478</td>
<td title="main thread">main</td>
<td title="Level">INFO</td>
<td title="nopcommerce category">nopcommerce</td>
<td>Steps.java:43</td>
<td title="Message">----Providing login credentialsr----</td>
</tr>

<tr>
<td>60674</td>
<td title="main thread">main</td>
<td title="Level">INFO</td>
<td title="nopcommerce category">nopcommerce</td>
<td>Steps.java:50</td>
<td title="Message">----Start login----</td>
</tr>

<tr>
<td>61923</td>
<td title="main thread">main</td>
<td title="Level">INFO</td>
<td title="nopcommerce category">nopcommerce</td>
<td>Steps.java:66</td>
<td title="Message">----Login  Succesful----</td>
</tr>

<tr>
<td>61924</td>
<td title="main thread">main</td>
<td title="Level">INFO</td>
<td title="nopcommerce category">nopcommerce</td>
<td>Steps.java:73</td>
<td title="Message">----Logout  App----</td>
</tr>

<tr>
<td>64032</td>
<td title="main thread">main</td>
<td title="Level">INFO</td>
<td title="nopcommerce category">nopcommerce</td>
<td>Steps.java:91</td>
<td title="Message">----Title correct----</td>
</tr>
</table>
<br>
</body></html><!DOCTYPE HTML PUBLIC "-//W3C//DTD HTML 4.01 Transitional//EN" "http://www.w3.org/TR/html4/loose.dtd">
<html>
<head>
<title>Application.log</title>
<style type="text/css">
<!--
body, table {font-family: arial,sans-serif; font-size: x-small;}
th {background: #336699; color: #FFFFFF; text-align: left;}
-->
</style>
</head>
<body bgcolor="#FFFFFF" topmargin="6" leftmargin="6">
<hr size="1" noshade>
Log session start time Sat Mar 18 19:06:01 EDT 2023<br>
<br>
<table cellspacing="0" cellpadding="4" border="1" bordercolor="#224466" width="100%">
<tr>
<th>Time</th>
<th>Thread</th>
<th>Level</th>
<th>Category</th>
<th>File:Line</th>
<th>Message</th>
</tr>

<tr>
<td>64715</td>
<td title="main thread">main</td>
<td title="Level">INFO</td>
<td title="nopcommerce category">nopcommerce</td>
<td>Steps.java:28</td>
<td title="Message">----Launch browser----</td>
</tr>

<tr>
<td>65370</td>
<td title="main thread">main</td>
<td title="Level">INFO</td>
<td title="nopcommerce category">nopcommerce</td>
<td>Steps.java:35</td>
<td title="Message">----Launch URL----</td>
</tr>

<tr>
<td>66124</td>
<td title="main thread">main</td>
<td title="Level">INFO</td>
<td title="nopcommerce category">nopcommerce</td>
<td>Steps.java:43</td>
<td title="Message">----Providing login credentialsr----</td>
</tr>

<tr>
<td>66347</td>
<td title="main thread">main</td>
<td title="Level">INFO</td>
<td title="nopcommerce category">nopcommerce</td>
<td>Steps.java:50</td>
<td title="Message">----Start login----</td>
</tr>

<tr>
<td>67830</td>
<td title="main thread">main</td>
<td title="Level">INFO</td>
<td title="nopcommerce category">nopcommerce</td>
<td>Steps.java:66</td>
<td title="Message">----Login  Succesful----</td>
</tr>

<tr>
<td>67831</td>
<td title="main thread">main</td>
<td title="Level">INFO</td>
<td title="nopcommerce category">nopcommerce</td>
<td>Steps.java:73</td>
<td title="Message">----Logout  App----</td>
</tr>

<tr>
<td>69961</td>
<td title="main thread">main</td>
<td title="Level">INFO</td>
<td title="nopcommerce category">nopcommerce</td>
<td>Steps.java:91</td>
<td title="Message">----Title correct----</td>
</tr>
</table>
<br>
</body></html><!DOCTYPE HTML PUBLIC "-//W3C//DTD HTML 4.01 Transitional//EN" "http://www.w3.org/TR/html4/loose.dtd">
<html>
<head>
<title>Application.log</title>
<style type="text/css">
<!--
body, table {font-family: arial,sans-serif; font-size: x-small;}
th {background: #336699; color: #FFFFFF; text-align: left;}
-->
</style>
</head>
<body bgcolor="#FFFFFF" topmargin="6" leftmargin="6">
<hr size="1" noshade>
Log session start time Sat Mar 18 19:06:07 EDT 2023<br>
<br>
<table cellspacing="0" cellpadding="4" border="1" bordercolor="#224466" width="100%">
<tr>
<th>Time</th>
<th>Thread</th>
<th>Level</th>
<th>Category</th>
<th>File:Line</th>
<th>Message</th>
</tr>

<tr>
<td>70666</td>
<td title="main thread">main</td>
<td title="Level">INFO</td>
<td title="nopcommerce category">nopcommerce</td>
<td>Steps.java:28</td>
<td title="Message">----Launch browser----</td>
</tr>

<tr>
<td>71331</td>
<td title="main thread">main</td>
<td title="Level">INFO</td>
<td title="nopcommerce category">nopcommerce</td>
<td>Steps.java:35</td>
<td title="Message">----Launch URL----</td>
</tr>

<tr>
<td>71848</td>
<td title="main thread">main</td>
<td title="Level">INFO</td>
<td title="nopcommerce category">nopcommerce</td>
<td>Steps.java:43</td>
<td title="Message">----Providing login credentialsr----</td>
</tr>

<tr>
<td>72046</td>
<td title="main thread">main</td>
<td title="Level">INFO</td>
<td title="nopcommerce category">nopcommerce</td>
<td>Steps.java:50</td>
<td title="Message">----Start login----</td>
</tr>
<!DOCTYPE HTML PUBLIC "-//W3C//DTD HTML 4.01 Transitional//EN" "http://www.w3.org/TR/html4/loose.dtd">
<html>
<head>
<title>Application.log</title>
<style type="text/css">
<!--
body, table {font-family: arial,sans-serif; font-size: x-small;}
th {background: #336699; color: #FFFFFF; text-align: left;}
-->
</style>
</head>
<body bgcolor="#FFFFFF" topmargin="6" leftmargin="6">
<hr size="1" noshade>
Log session start time Tue Mar 21 19:39:49 EDT 2023<br>
<br>
<table cellspacing="0" cellpadding="4" border="1" bordercolor="#224466" width="100%">
<tr>
<th>Time</th>
<th>Thread</th>
<th>Level</th>
<th>Category</th>
<th>File:Line</th>
<th>Message</th>
</tr>

<tr>
<td>0</td>
<td title="main thread">main</td>
<td title="Level">INFO</td>
<td title="nopcommerce category">nopcommerce</td>
<td>Steps.java:28</td>
<td title="Message">----Launch browser----</td>
</tr>

<tr>
<td>1808</td>
<td title="main thread">main</td>
<td title="Level">INFO</td>
<td title="nopcommerce category">nopcommerce</td>
<td>Steps.java:35</td>
<td title="Message">----Launch URL----</td>
</tr>

<tr>
<td>2763</td>
<td title="main thread">main</td>
<td title="Level">INFO</td>
<td title="nopcommerce category">nopcommerce</td>
<td>Steps.java:43</td>
<td title="Message">----Providing login credentialsr----</td>
</tr>

<tr>
<td>2974</td>
<td title="main thread">main</td>
<td title="Level">INFO</td>
<td title="nopcommerce category">nopcommerce</td>
<td>Steps.java:50</td>
<td title="Message">----Start login----</td>
</tr>

<tr>
<td>16221</td>
<td title="main thread">main</td>
<td title="Level">INFO</td>
<td title="nopcommerce category">nopcommerce</td>
<td>Steps.java:142</td>
<td title="Message">----Add  Customer----</td>
</tr>

<tr>
<td>16222</td>
<td title="main thread">main</td>
<td title="Level">INFO</td>
<td title="nopcommerce category">nopcommerce</td>
<td>Steps.java:143</td>
<td title="Message">----Add  Customer details----</td>
</tr>

<tr>
<td>22822</td>
<td title="main thread">main</td>
<td title="Level">INFO</td>
<td title="nopcommerce category">nopcommerce</td>
<td>Steps.java:165</td>
<td title="Message">---- Customer added successfully----</td>
</tr>
</table>
<br>
</body></html><!DOCTYPE HTML PUBLIC "-//W3C//DTD HTML 4.01 Transitional//EN" "http://www.w3.org/TR/html4/loose.dtd">
<html>
<head>
<title>Application.log</title>
<style type="text/css">
<!--
body, table {font-family: arial,sans-serif; font-size: x-small;}
th {background: #336699; color: #FFFFFF; text-align: left;}
-->
</style>
</head>
<body bgcolor="#FFFFFF" topmargin="6" leftmargin="6">
<hr size="1" noshade>
Log session start time Tue Mar 21 19:40:16 EDT 2023<br>
<br>
<table cellspacing="0" cellpadding="4" border="1" bordercolor="#224466" width="100%">
<tr>
<th>Time</th>
<th>Thread</th>
<th>Level</th>
<th>Category</th>
<th>File:Line</th>
<th>Message</th>
</tr>

<tr>
<td>26726</td>
<td title="main thread">main</td>
<td title="Level">INFO</td>
<td title="nopcommerce category">nopcommerce</td>
<td>Steps.java:28</td>
<td title="Message">----Launch browser----</td>
</tr>

<tr>
<td>27902</td>
<td title="main thread">main</td>
<td title="Level">INFO</td>
<td title="nopcommerce category">nopcommerce</td>
<td>Steps.java:35</td>
<td title="Message">----Launch URL----</td>
</tr>

<tr>
<td>28677</td>
<td title="main thread">main</td>
<td title="Level">INFO</td>
<td title="nopcommerce category">nopcommerce</td>
<td>Steps.java:43</td>
<td title="Message">----Providing login credentialsr----</td>
</tr>

<tr>
<td>28891</td>
<td title="main thread">main</td>
<td title="Level">INFO</td>
<td title="nopcommerce category">nopcommerce</td>
<td>Steps.java:50</td>
<td title="Message">----Start login----</td>
</tr>
</table>
<br>
</body></html><!DOCTYPE HTML PUBLIC "-//W3C//DTD HTML 4.01 Transitional//EN" "http://www.w3.org/TR/html4/loose.dtd">
<html>
<head>
<title>Application.log</title>
<style type="text/css">
<!--
body, table {font-family: arial,sans-serif; font-size: x-small;}
th {background: #336699; color: #FFFFFF; text-align: left;}
-->
</style>
</head>
<body bgcolor="#FFFFFF" topmargin="6" leftmargin="6">
<hr size="1" noshade>
Log session start time Tue Mar 21 19:40:34 EDT 2023<br>
<br>
<table cellspacing="0" cellpadding="4" border="1" bordercolor="#224466" width="100%">
<tr>
<th>Time</th>
<th>Thread</th>
<th>Level</th>
<th>Category</th>
<th>File:Line</th>
<th>Message</th>
</tr>

<tr>
<td>44818</td>
<td title="main thread">main</td>
<td title="Level">INFO</td>
<td title="nopcommerce category">nopcommerce</td>
<td>Steps.java:28</td>
<td title="Message">----Launch browser----</td>
</tr>

<tr>
<td>45530</td>
<td title="main thread">main</td>
<td title="Level">INFO</td>
<td title="nopcommerce category">nopcommerce</td>
<td>Steps.java:35</td>
<td title="Message">----Launch URL----</td>
</tr>

<tr>
<td>46726</td>
<td title="main thread">main</td>
<td title="Level">INFO</td>
<td title="nopcommerce category">nopcommerce</td>
<td>Steps.java:43</td>
<td title="Message">----Providing login credentialsr----</td>
</tr>

<tr>
<td>46913</td>
<td title="main thread">main</td>
<td title="Level">INFO</td>
<td title="nopcommerce category">nopcommerce</td>
<td>Steps.java:50</td>
<td title="Message">----Start login----</td>
</tr>

<tr>
<td>55242</td>
<td title="main thread">main</td>
<td title="Level">INFO</td>
<td title="nopcommerce category">nopcommerce</td>
<td>Steps.java:204</td>
<td title="Message">----Search  Customer----</td>
</tr>
</table>
<br>
</body></html><!DOCTYPE HTML PUBLIC "-//W3C//DTD HTML 4.01 Transitional//EN" "http://www.w3.org/TR/html4/loose.dtd">
<html>
<head>
<title>Application.log</title>
<style type="text/css">
<!--
body, table {font-family: arial,sans-serif; font-size: x-small;}
th {background: #336699; color: #FFFFFF; text-align: left;}
-->
</style>
</head>
<body bgcolor="#FFFFFF" topmargin="6" leftmargin="6">
<hr size="1" noshade>
Log session start time Tue Mar 21 19:40:52 EDT 2023<br>
<br>
<table cellspacing="0" cellpadding="4" border="1" bordercolor="#224466" width="100%">
<tr>
<th>Time</th>
<th>Thread</th>
<th>Level</th>
<th>Category</th>
<th>File:Line</th>
<th>Message</th>
</tr>

<tr>
<td>62437</td>
<td title="main thread">main</td>
<td title="Level">INFO</td>
<td title="nopcommerce category">nopcommerce</td>
<td>Steps.java:28</td>
<td title="Message">----Launch browser----</td>
</tr>

<tr>
<td>63086</td>
<td title="main thread">main</td>
<td title="Level">INFO</td>
<td title="nopcommerce category">nopcommerce</td>
<td>Steps.java:35</td>
<td title="Message">----Launch URL----</td>
</tr>

<tr>
<td>63829</td>
<td title="main thread">main</td>
<td title="Level">INFO</td>
<td title="nopcommerce category">nopcommerce</td>
<td>Steps.java:43</td>
<td title="Message">----Providing login credentialsr----</td>
</tr>

<tr>
<td>64027</td>
<td title="main thread">main</td>
<td title="Level">INFO</td>
<td title="nopcommerce category">nopcommerce</td>
<td>Steps.java:50</td>
<td title="Message">----Start login----</td>
</tr>

<tr>
<td>66661</td>
<td title="main thread">main</td>
<td title="Level">INFO</td>
<td title="nopcommerce category">nopcommerce</td>
<td>Steps.java:66</td>
<td title="Message">----Login  Succesful----</td>
</tr>

<tr>
<td>66662</td>
<td title="main thread">main</td>
<td title="Level">INFO</td>
<td title="nopcommerce category">nopcommerce</td>
<td>Steps.java:73</td>
<td title="Message">----Logout  App----</td>
</tr>

<tr>
<td>68822</td>
<td title="main thread">main</td>
<td title="Level">INFO</td>
<td title="nopcommerce category">nopcommerce</td>
<td>Steps.java:91</td>
<td title="Message">----Title correct----</td>
</tr>
</table>
<br>
</body></html><!DOCTYPE HTML PUBLIC "-//W3C//DTD HTML 4.01 Transitional//EN" "http://www.w3.org/TR/html4/loose.dtd">
<html>
<head>
<title>Application.log</title>
<style type="text/css">
<!--
body, table {font-family: arial,sans-serif; font-size: x-small;}
th {background: #336699; color: #FFFFFF; text-align: left;}
-->
</style>
</head>
<body bgcolor="#FFFFFF" topmargin="6" leftmargin="6">
<hr size="1" noshade>
Log session start time Tue Mar 21 19:40:59 EDT 2023<br>
<br>
<table cellspacing="0" cellpadding="4" border="1" bordercolor="#224466" width="100%">
<tr>
<th>Time</th>
<th>Thread</th>
<th>Level</th>
<th>Category</th>
<th>File:Line</th>
<th>Message</th>
</tr>

<tr>
<td>69511</td>
<td title="main thread">main</td>
<td title="Level">INFO</td>
<td title="nopcommerce category">nopcommerce</td>
<td>Steps.java:28</td>
<td title="Message">----Launch browser----</td>
</tr>

<tr>
<td>70163</td>
<td title="main thread">main</td>
<td title="Level">INFO</td>
<td title="nopcommerce category">nopcommerce</td>
<td>Steps.java:35</td>
<td title="Message">----Launch URL----</td>
</tr>

<tr>
<td>70691</td>
<td title="main thread">main</td>
<td title="Level">INFO</td>
<td title="nopcommerce category">nopcommerce</td>
<td>Steps.java:43</td>
<td title="Message">----Providing login credentialsr----</td>
</tr>

<tr>
<td>70891</td>
<td title="main thread">main</td>
<td title="Level">INFO</td>
<td title="nopcommerce category">nopcommerce</td>
<td>Steps.java:50</td>
<td title="Message">----Start login----</td>
</tr>

<tr>
<td>72526</td>
<td title="main thread">main</td>
<td title="Level">INFO</td>
<td title="nopcommerce category">nopcommerce</td>
<td>Steps.java:66</td>
<td title="Message">----Login  Succesful----</td>
</tr>

<tr>
<td>72527</td>
<td title="main thread">main</td>
<td title="Level">INFO</td>
<td title="nopcommerce category">nopcommerce</td>
<td>Steps.java:73</td>
<td title="Message">----Logout  App----</td>
</tr>

<tr>
<td>74661</td>
<td title="main thread">main</td>
<td title="Level">INFO</td>
<td title="nopcommerce category">nopcommerce</td>
<td>Steps.java:91</td>
<td title="Message">----Title correct----</td>
</tr>
</table>
<br>
</body></html><!DOCTYPE HTML PUBLIC "-//W3C//DTD HTML 4.01 Transitional//EN" "http://www.w3.org/TR/html4/loose.dtd">
<html>
<head>
<title>Application.log</title>
<style type="text/css">
<!--
body, table {font-family: arial,sans-serif; font-size: x-small;}
th {background: #336699; color: #FFFFFF; text-align: left;}
-->
</style>
</head>
<body bgcolor="#FFFFFF" topmargin="6" leftmargin="6">
<hr size="1" noshade>
Log session start time Tue Mar 21 19:41:05 EDT 2023<br>
<br>
<table cellspacing="0" cellpadding="4" border="1" bordercolor="#224466" width="100%">
<tr>
<th>Time</th>
<th>Thread</th>
<th>Level</th>
<th>Category</th>
<th>File:Line</th>
<th>Message</th>
</tr>

<tr>
<td>75350</td>
<td title="main thread">main</td>
<td title="Level">INFO</td>
<td title="nopcommerce category">nopcommerce</td>
<td>Steps.java:28</td>
<td title="Message">----Launch browser----</td>
</tr>

<tr>
<td>75986</td>
<td title="main thread">main</td>
<td title="Level">INFO</td>
<td title="nopcommerce category">nopcommerce</td>
<td>Steps.java:35</td>
<td title="Message">----Launch URL----</td>
</tr>

<tr>
<td>76732</td>
<td title="main thread">main</td>
<td title="Level">INFO</td>
<td title="nopcommerce category">nopcommerce</td>
<td>Steps.java:43</td>
<td title="Message">----Providing login credentialsr----</td>
</tr>

<tr>
<td>76942</td>
<td title="main thread">main</td>
<td title="Level">INFO</td>
<td title="nopcommerce category">nopcommerce</td>
<td>Steps.java:50</td>
<td title="Message">----Start login----</td>
</tr>
<!DOCTYPE HTML PUBLIC "-//W3C//DTD HTML 4.01 Transitional//EN" "http://www.w3.org/TR/html4/loose.dtd">
<html>
<head>
<title>Application.log</title>
<style type="text/css">
<!--
body, table {font-family: arial,sans-serif; font-size: x-small;}
th {background: #336699; color: #FFFFFF; text-align: left;}
-->
</style>
</head>
<body bgcolor="#FFFFFF" topmargin="6" leftmargin="6">
<hr size="1" noshade>
Log session start time Tue Mar 21 20:20:02 EDT 2023<br>
<br>
<table cellspacing="0" cellpadding="4" border="1" bordercolor="#224466" width="100%">
<tr>
<th>Time</th>
<th>Thread</th>
<th>Level</th>
<th>Category</th>
<th>File:Line</th>
<th>Message</th>
</tr>

<tr>
<td>0</td>
<td title="main thread">main</td>
<td title="Level">INFO</td>
<td title="nopcommerce category">nopcommerce</td>
<td>Steps.java:63</td>
<td title="Message">----Launch browser----</td>
</tr>

<tr>
<td>26</td>
<td title="main thread">main</td>
<td title="Level">INFO</td>
<td title="nopcommerce category">nopcommerce</td>
<td>Steps.java:74</td>
<td title="Message">----Launch URL----</td>
</tr>

<tr>
<td>1206</td>
<td title="main thread">main</td>
<td title="Level">INFO</td>
<td title="nopcommerce category">nopcommerce</td>
<td>Steps.java:82</td>
<td title="Message">----Providing login credentialsr----</td>
</tr>

<tr>
<td>1408</td>
<td title="main thread">main</td>
<td title="Level">INFO</td>
<td title="nopcommerce category">nopcommerce</td>
<td>Steps.java:89</td>
<td title="Message">----Start login----</td>
</tr>

<tr>
<td>13522</td>
<td title="main thread">main</td>
<td title="Level">INFO</td>
<td title="nopcommerce category">nopcommerce</td>
<td>Steps.java:181</td>
<td title="Message">----Add  Customer----</td>
</tr>

<tr>
<td>13522</td>
<td title="main thread">main</td>
<td title="Level">INFO</td>
<td title="nopcommerce category">nopcommerce</td>
<td>Steps.java:182</td>
<td title="Message">----Add  Customer details----</td>
</tr>

<tr>
<td>20175</td>
<td title="main thread">main</td>
<td title="Level">INFO</td>
<td title="nopcommerce category">nopcommerce</td>
<td>Steps.java:204</td>
<td title="Message">---- Customer added successfully----</td>
</tr>
</table>
<br>
</body></html><!DOCTYPE HTML PUBLIC "-//W3C//DTD HTML 4.01 Transitional//EN" "http://www.w3.org/TR/html4/loose.dtd">
<html>
<head>
<title>Application.log</title>
<style type="text/css">
<!--
body, table {font-family: arial,sans-serif; font-size: x-small;}
th {background: #336699; color: #FFFFFF; text-align: left;}
-->
</style>
</head>
<body bgcolor="#FFFFFF" topmargin="6" leftmargin="6">
<hr size="1" noshade>
Log session start time Tue Mar 21 20:20:28 EDT 2023<br>
<br>
<table cellspacing="0" cellpadding="4" border="1" bordercolor="#224466" width="100%">
<tr>
<th>Time</th>
<th>Thread</th>
<th>Level</th>
<th>Category</th>
<th>File:Line</th>
<th>Message</th>
</tr>

<tr>
<td>25361</td>
<td title="main thread">main</td>
<td title="Level">INFO</td>
<td title="nopcommerce category">nopcommerce</td>
<td>Steps.java:63</td>
<td title="Message">----Launch browser----</td>
</tr>

<tr>
<td>25363</td>
<td title="main thread">main</td>
<td title="Level">INFO</td>
<td title="nopcommerce category">nopcommerce</td>
<td>Steps.java:74</td>
<td title="Message">----Launch URL----</td>
</tr>

<tr>
<td>25934</td>
<td title="main thread">main</td>
<td title="Level">INFO</td>
<td title="nopcommerce category">nopcommerce</td>
<td>Steps.java:82</td>
<td title="Message">----Providing login credentialsr----</td>
</tr>

<tr>
<td>26128</td>
<td title="main thread">main</td>
<td title="Level">INFO</td>
<td title="nopcommerce category">nopcommerce</td>
<td>Steps.java:89</td>
<td title="Message">----Start login----</td>
</tr>
</table>
<br>
</body></html><!DOCTYPE HTML PUBLIC "-//W3C//DTD HTML 4.01 Transitional//EN" "http://www.w3.org/TR/html4/loose.dtd">
<html>
<head>
<title>Application.log</title>
<style type="text/css">
<!--
body, table {font-family: arial,sans-serif; font-size: x-small;}
th {background: #336699; color: #FFFFFF; text-align: left;}
-->
</style>
</head>
<body bgcolor="#FFFFFF" topmargin="6" leftmargin="6">
<hr size="1" noshade>
Log session start time Tue Mar 21 20:20:48 EDT 2023<br>
<br>
<table cellspacing="0" cellpadding="4" border="1" bordercolor="#224466" width="100%">
<tr>
<th>Time</th>
<th>Thread</th>
<th>Level</th>
<th>Category</th>
<th>File:Line</th>
<th>Message</th>
</tr>

<tr>
<td>45492</td>
<td title="main thread">main</td>
<td title="Level">INFO</td>
<td title="nopcommerce category">nopcommerce</td>
<td>Steps.java:63</td>
<td title="Message">----Launch browser----</td>
</tr>

<tr>
<td>45494</td>
<td title="main thread">main</td>
<td title="Level">INFO</td>
<td title="nopcommerce category">nopcommerce</td>
<td>Steps.java:74</td>
<td title="Message">----Launch URL----</td>
</tr>

<tr>
<td>46239</td>
<td title="main thread">main</td>
<td title="Level">INFO</td>
<td title="nopcommerce category">nopcommerce</td>
<td>Steps.java:82</td>
<td title="Message">----Providing login credentialsr----</td>
</tr>

<tr>
<td>46455</td>
<td title="main thread">main</td>
<td title="Level">INFO</td>
<td title="nopcommerce category">nopcommerce</td>
<td>Steps.java:89</td>
<td title="Message">----Start login----</td>
</tr>

<tr>
<td>54736</td>
<td title="main thread">main</td>
<td title="Level">INFO</td>
<td title="nopcommerce category">nopcommerce</td>
<td>Steps.java:243</td>
<td title="Message">----Search  Customer----</td>
</tr>
</table>
<br>
</body></html><!DOCTYPE HTML PUBLIC "-//W3C//DTD HTML 4.01 Transitional//EN" "http://www.w3.org/TR/html4/loose.dtd">
<html>
<head>
<title>Application.log</title>
<style type="text/css">
<!--
body, table {font-family: arial,sans-serif; font-size: x-small;}
th {background: #336699; color: #FFFFFF; text-align: left;}
-->
</style>
</head>
<body bgcolor="#FFFFFF" topmargin="6" leftmargin="6">
<hr size="1" noshade>
Log session start time Tue Mar 21 20:21:06 EDT 2023<br>
<br>
<table cellspacing="0" cellpadding="4" border="1" bordercolor="#224466" width="100%">
<tr>
<th>Time</th>
<th>Thread</th>
<th>Level</th>
<th>Category</th>
<th>File:Line</th>
<th>Message</th>
</tr>

<tr>
<td>62638</td>
<td title="main thread">main</td>
<td title="Level">INFO</td>
<td title="nopcommerce category">nopcommerce</td>
<td>Steps.java:63</td>
<td title="Message">----Launch browser----</td>
</tr>

<tr>
<td>62639</td>
<td title="main thread">main</td>
<td title="Level">INFO</td>
<td title="nopcommerce category">nopcommerce</td>
<td>Steps.java:74</td>
<td title="Message">----Launch URL----</td>
</tr>

<tr>
<td>63380</td>
<td title="main thread">main</td>
<td title="Level">INFO</td>
<td title="nopcommerce category">nopcommerce</td>
<td>Steps.java:82</td>
<td title="Message">----Providing login credentialsr----</td>
</tr>

<tr>
<td>63619</td>
<td title="main thread">main</td>
<td title="Level">INFO</td>
<td title="nopcommerce category">nopcommerce</td>
<td>Steps.java:89</td>
<td title="Message">----Start login----</td>
</tr>

<tr>
<td>65212</td>
<td title="main thread">main</td>
<td title="Level">INFO</td>
<td title="nopcommerce category">nopcommerce</td>
<td>Steps.java:105</td>
<td title="Message">----Login  Succesful----</td>
</tr>

<tr>
<td>65213</td>
<td title="main thread">main</td>
<td title="Level">INFO</td>
<td title="nopcommerce category">nopcommerce</td>
<td>Steps.java:112</td>
<td title="Message">----Logout  App----</td>
</tr>

<tr>
<td>67318</td>
<td title="main thread">main</td>
<td title="Level">INFO</td>
<td title="nopcommerce category">nopcommerce</td>
<td>Steps.java:130</td>
<td title="Message">----Title correct----</td>
</tr>
</table>
<br>
</body></html><!DOCTYPE HTML PUBLIC "-//W3C//DTD HTML 4.01 Transitional//EN" "http://www.w3.org/TR/html4/loose.dtd">
<html>
<head>
<title>Application.log</title>
<style type="text/css">
<!--
body, table {font-family: arial,sans-serif; font-size: x-small;}
th {background: #336699; color: #FFFFFF; text-align: left;}
-->
</style>
</head>
<body bgcolor="#FFFFFF" topmargin="6" leftmargin="6">
<hr size="1" noshade>
Log session start time Tue Mar 21 20:21:12 EDT 2023<br>
<br>
<table cellspacing="0" cellpadding="4" border="1" bordercolor="#224466" width="100%">
<tr>
<th>Time</th>
<th>Thread</th>
<th>Level</th>
<th>Category</th>
<th>File:Line</th>
<th>Message</th>
</tr>

<tr>
<td>68708</td>
<td title="main thread">main</td>
<td title="Level">INFO</td>
<td title="nopcommerce category">nopcommerce</td>
<td>Steps.java:63</td>
<td title="Message">----Launch browser----</td>
</tr>

<tr>
<td>68710</td>
<td title="main thread">main</td>
<td title="Level">INFO</td>
<td title="nopcommerce category">nopcommerce</td>
<td>Steps.java:74</td>
<td title="Message">----Launch URL----</td>
</tr>

<tr>
<td>69467</td>
<td title="main thread">main</td>
<td title="Level">INFO</td>
<td title="nopcommerce category">nopcommerce</td>
<td>Steps.java:82</td>
<td title="Message">----Providing login credentialsr----</td>
</tr>

<tr>
<td>69687</td>
<td title="main thread">main</td>
<td title="Level">INFO</td>
<td title="nopcommerce category">nopcommerce</td>
<td>Steps.java:89</td>
<td title="Message">----Start login----</td>
</tr>

<tr>
<td>71259</td>
<td title="main thread">main</td>
<td title="Level">INFO</td>
<td title="nopcommerce category">nopcommerce</td>
<td>Steps.java:105</td>
<td title="Message">----Login  Succesful----</td>
</tr>

<tr>
<td>71260</td>
<td title="main thread">main</td>
<td title="Level">INFO</td>
<td title="nopcommerce category">nopcommerce</td>
<td>Steps.java:112</td>
<td title="Message">----Logout  App----</td>
</tr>

<tr>
<td>73398</td>
<td title="main thread">main</td>
<td title="Level">INFO</td>
<td title="nopcommerce category">nopcommerce</td>
<td>Steps.java:130</td>
<td title="Message">----Title correct----</td>
</tr>
</table>
<br>
</body></html><!DOCTYPE HTML PUBLIC "-//W3C//DTD HTML 4.01 Transitional//EN" "http://www.w3.org/TR/html4/loose.dtd">
<html>
<head>
<title>Application.log</title>
<style type="text/css">
<!--
body, table {font-family: arial,sans-serif; font-size: x-small;}
th {background: #336699; color: #FFFFFF; text-align: left;}
-->
</style>
</head>
<body bgcolor="#FFFFFF" topmargin="6" leftmargin="6">
<hr size="1" noshade>
Log session start time Tue Mar 21 20:21:18 EDT 2023<br>
<br>
<table cellspacing="0" cellpadding="4" border="1" bordercolor="#224466" width="100%">
<tr>
<th>Time</th>
<th>Thread</th>
<th>Level</th>
<th>Category</th>
<th>File:Line</th>
<th>Message</th>
</tr>

<tr>
<td>74777</td>
<td title="main thread">main</td>
<td title="Level">INFO</td>
<td title="nopcommerce category">nopcommerce</td>
<td>Steps.java:63</td>
<td title="Message">----Launch browser----</td>
</tr>

<tr>
<td>74779</td>
<td title="main thread">main</td>
<td title="Level">INFO</td>
<td title="nopcommerce category">nopcommerce</td>
<td>Steps.java:74</td>
<td title="Message">----Launch URL----</td>
</tr>

<tr>
<td>75351</td>
<td title="main thread">main</td>
<td title="Level">INFO</td>
<td title="nopcommerce category">nopcommerce</td>
<td>Steps.java:82</td>
<td title="Message">----Providing login credentialsr----</td>
</tr>

<tr>
<td>75551</td>
<td title="main thread">main</td>
<td title="Level">INFO</td>
<td title="nopcommerce category">nopcommerce</td>
<td>Steps.java:89</td>
<td title="Message">----Start login----</td>
</tr>
<!DOCTYPE HTML PUBLIC "-//W3C//DTD HTML 4.01 Transitional//EN" "http://www.w3.org/TR/html4/loose.dtd">
<html>
<head>
<title>Application.log</title>
<style type="text/css">
<!--
body, table {font-family: arial,sans-serif; font-size: x-small;}
th {background: #336699; color: #FFFFFF; text-align: left;}
-->
</style>
</head>
<body bgcolor="#FFFFFF" topmargin="6" leftmargin="6">
<hr size="1" noshade>
Log session start time Tue Mar 21 20:22:26 EDT 2023<br>
<br>
<table cellspacing="0" cellpadding="4" border="1" bordercolor="#224466" width="100%">
<tr>
<th>Time</th>
<th>Thread</th>
<th>Level</th>
<th>Category</th>
<th>File:Line</th>
<th>Message</th>
</tr>
</table>
<br>
</body></html><!DOCTYPE HTML PUBLIC "-//W3C//DTD HTML 4.01 Transitional//EN" "http://www.w3.org/TR/html4/loose.dtd">
<html>
<head>
<title>Application.log</title>
<style type="text/css">
<!--
body, table {font-family: arial,sans-serif; font-size: x-small;}
th {background: #336699; color: #FFFFFF; text-align: left;}
-->
</style>
</head>
<body bgcolor="#FFFFFF" topmargin="6" leftmargin="6">
<hr size="1" noshade>
Log session start time Tue Mar 21 20:22:27 EDT 2023<br>
<br>
<table cellspacing="0" cellpadding="4" border="1" bordercolor="#224466" width="100%">
<tr>
<th>Time</th>
<th>Thread</th>
<th>Level</th>
<th>Category</th>
<th>File:Line</th>
<th>Message</th>
</tr>

<tr>
<td>0</td>
<td title="main thread">main</td>
<td title="Level">INFO</td>
<td title="nopcommerce category">nopcommerce</td>
<td>Steps.java:63</td>
<td title="Message">----Launch browser----</td>
</tr>

<tr>
<td>48</td>
<td title="main thread">main</td>
<td title="Level">INFO</td>
<td title="nopcommerce category">nopcommerce</td>
<td>Steps.java:74</td>
<td title="Message">----Launch URL----</td>
</tr>

<tr>
<td>1044</td>
<td title="main thread">main</td>
<td title="Level">INFO</td>
<td title="nopcommerce category">nopcommerce</td>
<td>Steps.java:82</td>
<td title="Message">----Providing login credentialsr----</td>
</tr>

<tr>
<td>1199</td>
<td title="main thread">main</td>
<td title="Level">INFO</td>
<td title="nopcommerce category">nopcommerce</td>
<td>Steps.java:89</td>
<td title="Message">----Start login----</td>
</tr>
</table>
<br>
</body></html><!DOCTYPE HTML PUBLIC "-//W3C//DTD HTML 4.01 Transitional//EN" "http://www.w3.org/TR/html4/loose.dtd">
<html>
<head>
<title>Application.log</title>
<style type="text/css">
<!--
body, table {font-family: arial,sans-serif; font-size: x-small;}
th {background: #336699; color: #FFFFFF; text-align: left;}
-->
</style>
</head>
<body bgcolor="#FFFFFF" topmargin="6" leftmargin="6">
<hr size="1" noshade>
Log session start time Tue Mar 21 20:22:47 EDT 2023<br>
<br>
<table cellspacing="0" cellpadding="4" border="1" bordercolor="#224466" width="100%">
<tr>
<th>Time</th>
<th>Thread</th>
<th>Level</th>
<th>Category</th>
<th>File:Line</th>
<th>Message</th>
</tr>

<tr>
<td>19328</td>
<td title="main thread">main</td>
<td title="Level">INFO</td>
<td title="nopcommerce category">nopcommerce</td>
<td>Steps.java:63</td>
<td title="Message">----Launch browser----</td>
</tr>

<tr>
<td>19329</td>
<td title="main thread">main</td>
<td title="Level">INFO</td>
<td title="nopcommerce category">nopcommerce</td>
<td>Steps.java:74</td>
<td title="Message">----Launch URL----</td>
</tr>

<tr>
<td>20424</td>
<td title="main thread">main</td>
<td title="Level">INFO</td>
<td title="nopcommerce category">nopcommerce</td>
<td>Steps.java:82</td>
<td title="Message">----Providing login credentialsr----</td>
</tr>

<tr>
<td>20599</td>
<td title="main thread">main</td>
<td title="Level">INFO</td>
<td title="nopcommerce category">nopcommerce</td>
<td>Steps.java:89</td>
<td title="Message">----Start login----</td>
</tr>

<tr>
<td>28360</td>
<td title="main thread">main</td>
<td title="Level">INFO</td>
<td title="nopcommerce category">nopcommerce</td>
<td>Steps.java:243</td>
<td title="Message">----Search  Customer----</td>
</tr>
</table>
<br>
</body></html><!DOCTYPE HTML PUBLIC "-//W3C//DTD HTML 4.01 Transitional//EN" "http://www.w3.org/TR/html4/loose.dtd">
<html>
<head>
<title>Application.log</title>
<style type="text/css">
<!--
body, table {font-family: arial,sans-serif; font-size: x-small;}
th {background: #336699; color: #FFFFFF; text-align: left;}
-->
</style>
</head>
<body bgcolor="#FFFFFF" topmargin="6" leftmargin="6">
<hr size="1" noshade>
Log session start time Tue Mar 21 20:23:06 EDT 2023<br>
<br>
<table cellspacing="0" cellpadding="4" border="1" bordercolor="#224466" width="100%">
<tr>
<th>Time</th>
<th>Thread</th>
<th>Level</th>
<th>Category</th>
<th>File:Line</th>
<th>Message</th>
</tr>

<tr>
<td>38507</td>
<td title="main thread">main</td>
<td title="Level">INFO</td>
<td title="nopcommerce category">nopcommerce</td>
<td>Steps.java:63</td>
<td title="Message">----Launch browser----</td>
</tr>

<tr>
<td>38509</td>
<td title="main thread">main</td>
<td title="Level">INFO</td>
<td title="nopcommerce category">nopcommerce</td>
<td>Steps.java:74</td>
<td title="Message">----Launch URL----</td>
</tr>

<tr>
<td>39604</td>
<td title="main thread">main</td>
<td title="Level">INFO</td>
<td title="nopcommerce category">nopcommerce</td>
<td>Steps.java:82</td>
<td title="Message">----Providing login credentialsr----</td>
</tr>

<tr>
<td>39741</td>
<td title="main thread">main</td>
<td title="Level">INFO</td>
<td title="nopcommerce category">nopcommerce</td>
<td>Steps.java:89</td>
<td title="Message">----Start login----</td>
</tr>

<tr>
<td>40925</td>
<td title="main thread">main</td>
<td title="Level">INFO</td>
<td title="nopcommerce category">nopcommerce</td>
<td>Steps.java:105</td>
<td title="Message">----Login  Succesful----</td>
</tr>

<tr>
<td>40927</td>
<td title="main thread">main</td>
<td title="Level">INFO</td>
<td title="nopcommerce category">nopcommerce</td>
<td>Steps.java:112</td>
<td title="Message">----Logout  App----</td>
</tr>
</table>
<br>
</body></html><!DOCTYPE HTML PUBLIC "-//W3C//DTD HTML 4.01 Transitional//EN" "http://www.w3.org/TR/html4/loose.dtd">
<html>
<head>
<title>Application.log</title>
<style type="text/css">
<!--
body, table {font-family: arial,sans-serif; font-size: x-small;}
th {background: #336699; color: #FFFFFF; text-align: left;}
-->
</style>
</head>
<body bgcolor="#FFFFFF" topmargin="6" leftmargin="6">
<hr size="1" noshade>
Log session start time Tue Mar 21 20:23:11 EDT 2023<br>
<br>
<table cellspacing="0" cellpadding="4" border="1" bordercolor="#224466" width="100%">
<tr>
<th>Time</th>
<th>Thread</th>
<th>Level</th>
<th>Category</th>
<th>File:Line</th>
<th>Message</th>
</tr>

<tr>
<td>43776</td>
<td title="main thread">main</td>
<td title="Level">INFO</td>
<td title="nopcommerce category">nopcommerce</td>
<td>Steps.java:63</td>
<td title="Message">----Launch browser----</td>
</tr>

<tr>
<td>43779</td>
<td title="main thread">main</td>
<td title="Level">INFO</td>
<td title="nopcommerce category">nopcommerce</td>
<td>Steps.java:74</td>
<td title="Message">----Launch URL----</td>
</tr>

<tr>
<td>45171</td>
<td title="main thread">main</td>
<td title="Level">INFO</td>
<td title="nopcommerce category">nopcommerce</td>
<td>Steps.java:82</td>
<td title="Message">----Providing login credentialsr----</td>
</tr>

<tr>
<td>45314</td>
<td title="main thread">main</td>
<td title="Level">INFO</td>
<td title="nopcommerce category">nopcommerce</td>
<td>Steps.java:89</td>
<td title="Message">----Start login----</td>
</tr>

<tr>
<td>47306</td>
<td title="main thread">main</td>
<td title="Level">INFO</td>
<td title="nopcommerce category">nopcommerce</td>
<td>Steps.java:105</td>
<td title="Message">----Login  Succesful----</td>
</tr>

<tr>
<td>47307</td>
<td title="main thread">main</td>
<td title="Level">INFO</td>
<td title="nopcommerce category">nopcommerce</td>
<td>Steps.java:112</td>
<td title="Message">----Logout  App----</td>
</tr>
</table>
<br>
</body></html><!DOCTYPE HTML PUBLIC "-//W3C//DTD HTML 4.01 Transitional//EN" "http://www.w3.org/TR/html4/loose.dtd">
<html>
<head>
<title>Application.log</title>
<style type="text/css">
<!--
body, table {font-family: arial,sans-serif; font-size: x-small;}
th {background: #336699; color: #FFFFFF; text-align: left;}
-->
</style>
</head>
<body bgcolor="#FFFFFF" topmargin="6" leftmargin="6">
<hr size="1" noshade>
Log session start time Tue Mar 21 20:23:17 EDT 2023<br>
<br>
<table cellspacing="0" cellpadding="4" border="1" bordercolor="#224466" width="100%">
<tr>
<th>Time</th>
<th>Thread</th>
<th>Level</th>
<th>Category</th>
<th>File:Line</th>
<th>Message</th>
</tr>

<tr>
<td>49914</td>
<td title="main thread">main</td>
<td title="Level">INFO</td>
<td title="nopcommerce category">nopcommerce</td>
<td>Steps.java:63</td>
<td title="Message">----Launch browser----</td>
</tr>

<tr>
<td>49916</td>
<td title="main thread">main</td>
<td title="Level">INFO</td>
<td title="nopcommerce category">nopcommerce</td>
<td>Steps.java:74</td>
<td title="Message">----Launch URL----</td>
</tr>

<tr>
<td>50841</td>
<td title="main thread">main</td>
<td title="Level">INFO</td>
<td title="nopcommerce category">nopcommerce</td>
<td>Steps.java:82</td>
<td title="Message">----Providing login credentialsr----</td>
</tr>

<tr>
<td>50993</td>
<td title="main thread">main</td>
<td title="Level">INFO</td>
<td title="nopcommerce category">nopcommerce</td>
<td>Steps.java:89</td>
<td title="Message">----Start login----</td>
</tr>
<!DOCTYPE HTML PUBLIC "-//W3C//DTD HTML 4.01 Transitional//EN" "http://www.w3.org/TR/html4/loose.dtd">
<html>
<head>
<title>Application.log</title>
<style type="text/css">
<!--
body, table {font-family: arial,sans-serif; font-size: x-small;}
th {background: #336699; color: #FFFFFF; text-align: left;}
-->
</style>
</head>
<body bgcolor="#FFFFFF" topmargin="6" leftmargin="6">
<hr size="1" noshade>
Log session start time Tue Mar 21 20:34:56 EDT 2023<br>
<br>
<table cellspacing="0" cellpadding="4" border="1" bordercolor="#224466" width="100%">
<tr>
<th>Time</th>
<th>Thread</th>
<th>Level</th>
<th>Category</th>
<th>File:Line</th>
<th>Message</th>
</tr>

<tr>
<td>0</td>
<td title="main thread">main</td>
<td title="Level">INFO</td>
<td title="nopcommerce category">nopcommerce</td>
<td>Steps.java:63</td>
<td title="Message">----Launch browser----</td>
</tr>

<tr>
<td>36</td>
<td title="main thread">main</td>
<td title="Level">INFO</td>
<td title="nopcommerce category">nopcommerce</td>
<td>Steps.java:74</td>
<td title="Message">----Launch URL----</td>
</tr>

<tr>
<td>831</td>
<td title="main thread">main</td>
<td title="Level">INFO</td>
<td title="nopcommerce category">nopcommerce</td>
<td>Steps.java:82</td>
<td title="Message">----Providing login credentialsr----</td>
</tr>

<tr>
<td>1037</td>
<td title="main thread">main</td>
<td title="Level">INFO</td>
<td title="nopcommerce category">nopcommerce</td>
<td>Steps.java:89</td>
<td title="Message">----Start login----</td>
</tr>
<!DOCTYPE HTML PUBLIC "-//W3C//DTD HTML 4.01 Transitional//EN" "http://www.w3.org/TR/html4/loose.dtd">
<html>
<head>
<title>Application.log</title>
<style type="text/css">
<!--
body, table {font-family: arial,sans-serif; font-size: x-small;}
th {background: #336699; color: #FFFFFF; text-align: left;}
-->
</style>
</head>
<body bgcolor="#FFFFFF" topmargin="6" leftmargin="6">
<hr size="1" noshade>
Log session start time Wed Mar 22 15:36:41 EDT 2023<br>
<br>
<table cellspacing="0" cellpadding="4" border="1" bordercolor="#224466" width="100%">
<tr>
<th>Time</th>
<th>Thread</th>
<th>Level</th>
<th>Category</th>
<th>File:Line</th>
<th>Message</th>
</tr>

<tr>
<td>0</td>
<td title="main thread">main</td>
<td title="Level">INFO</td>
<td title="nopcommerce category">nopcommerce</td>
<td>Steps.java:63</td>
<td title="Message">----Launch browser----</td>
</tr>

<tr>
<td>37</td>
<td title="main thread">main</td>
<td title="Level">INFO</td>
<td title="nopcommerce category">nopcommerce</td>
<td>Steps.java:74</td>
<td title="Message">----Launch URL----</td>
</tr>

<tr>
<td>812</td>
<td title="main thread">main</td>
<td title="Level">INFO</td>
<td title="nopcommerce category">nopcommerce</td>
<td>Steps.java:82</td>
<td title="Message">----Providing login credentialsr----</td>
</tr>

<tr>
<td>1058</td>
<td title="main thread">main</td>
<td title="Level">INFO</td>
<td title="nopcommerce category">nopcommerce</td>
<td>Steps.java:89</td>
<td title="Message">----Start login----</td>
</tr>
<!DOCTYPE HTML PUBLIC "-//W3C//DTD HTML 4.01 Transitional//EN" "http://www.w3.org/TR/html4/loose.dtd">
<html>
<head>
<title>Application.log</title>
<style type="text/css">
<!--
body, table {font-family: arial,sans-serif; font-size: x-small;}
th {background: #336699; color: #FFFFFF; text-align: left;}
-->
</style>
</head>
<body bgcolor="#FFFFFF" topmargin="6" leftmargin="6">
<hr size="1" noshade>
Log session start time Wed Mar 22 15:50:07 EDT 2023<br>
<br>
<table cellspacing="0" cellpadding="4" border="1" bordercolor="#224466" width="100%">
<tr>
<th>Time</th>
<th>Thread</th>
<th>Level</th>
<th>Category</th>
<th>File:Line</th>
<th>Message</th>
</tr>

<tr>
<td>0</td>
<td title="main thread">main</td>
<td title="Level">INFO</td>
<td title="nopcommerce category">nopcommerce</td>
<td>Steps.java:63</td>
<td title="Message">----Launch browser----</td>
</tr>

<tr>
<td>26</td>
<td title="main thread">main</td>
<td title="Level">INFO</td>
<td title="nopcommerce category">nopcommerce</td>
<td>Steps.java:74</td>
<td title="Message">----Launch URL----</td>
</tr>

<tr>
<td>1107</td>
<td title="main thread">main</td>
<td title="Level">INFO</td>
<td title="nopcommerce category">nopcommerce</td>
<td>Steps.java:82</td>
<td title="Message">----Providing login credentialsr----</td>
</tr>

<tr>
<td>1318</td>
<td title="main thread">main</td>
<td title="Level">INFO</td>
<td title="nopcommerce category">nopcommerce</td>
<td>Steps.java:89</td>
<td title="Message">----Start login----</td>
</tr>
<!DOCTYPE HTML PUBLIC "-//W3C//DTD HTML 4.01 Transitional//EN" "http://www.w3.org/TR/html4/loose.dtd">
<html>
<head>
<title>Application.log</title>
<style type="text/css">
<!--
body, table {font-family: arial,sans-serif; font-size: x-small;}
th {background: #336699; color: #FFFFFF; text-align: left;}
-->
</style>
</head>
<body bgcolor="#FFFFFF" topmargin="6" leftmargin="6">
<hr size="1" noshade>
Log session start time Thu Mar 23 12:17:09 EDT 2023<br>
<br>
<table cellspacing="0" cellpadding="4" border="1" bordercolor="#224466" width="100%">
<tr>
<th>Time</th>
<th>Thread</th>
<th>Level</th>
<th>Category</th>
<th>File:Line</th>
<th>Message</th>
</tr>

<tr>
<td>0</td>
<td title="main thread">main</td>
<td title="Level">INFO</td>
<td title="nopcommerce category">nopcommerce</td>
<td>Steps.java:63</td>
<td title="Message">----Launch browser----</td>
</tr>

<tr>
<td>37</td>
<td title="main thread">main</td>
<td title="Level">INFO</td>
<td title="nopcommerce category">nopcommerce</td>
<td>Steps.java:74</td>
<td title="Message">----Launch URL----</td>
</tr>

<tr>
<td>1652</td>
<td title="main thread">main</td>
<td title="Level">INFO</td>
<td title="nopcommerce category">nopcommerce</td>
<td>Steps.java:82</td>
<td title="Message">----Providing login credentialsr----</td>
</tr>

<tr>
<td>1861</td>
<td title="main thread">main</td>
<td title="Level">INFO</td>
<td title="nopcommerce category">nopcommerce</td>
<td>Steps.java:89</td>
<td title="Message">----Start login----</td>
</tr>
<!DOCTYPE HTML PUBLIC "-//W3C//DTD HTML 4.01 Transitional//EN" "http://www.w3.org/TR/html4/loose.dtd">
<html>
<head>
<title>Application.log</title>
<style type="text/css">
<!--
body, table {font-family: arial,sans-serif; font-size: x-small;}
th {background: #336699; color: #FFFFFF; text-align: left;}
-->
</style>
</head>
<body bgcolor="#FFFFFF" topmargin="6" leftmargin="6">
<hr size="1" noshade>
Log session start time Thu Mar 23 12:35:26 EDT 2023<br>
<br>
<table cellspacing="0" cellpadding="4" border="1" bordercolor="#224466" width="100%">
<tr>
<th>Time</th>
<th>Thread</th>
<th>Level</th>
<th>Category</th>
<th>File:Line</th>
<th>Message</th>
</tr>

<tr>
<td>0</td>
<td title="main thread">main</td>
<td title="Level">INFO</td>
<td title="nopcommerce category">nopcommerce</td>
<td>Steps.java:63</td>
<td title="Message">----Launch browser----</td>
</tr>

<tr>
<td>30</td>
<td title="main thread">main</td>
<td title="Level">INFO</td>
<td title="nopcommerce category">nopcommerce</td>
<td>Steps.java:74</td>
<td title="Message">----Launch URL----</td>
</tr>

<tr>
<td>828</td>
<td title="main thread">main</td>
<td title="Level">INFO</td>
<td title="nopcommerce category">nopcommerce</td>
<td>Steps.java:82</td>
<td title="Message">----Providing login credentialsr----</td>
</tr>

<tr>
<td>1047</td>
<td title="main thread">main</td>
<td title="Level">INFO</td>
<td title="nopcommerce category">nopcommerce</td>
<td>Steps.java:89</td>
<td title="Message">----Start login----</td>
</tr>
